<?xml version="1.0" encoding="UTF-8"?>
<!-- Generated by org.testng.reporters.JUnitReportReporter -->
<testsuite skipped="0" hostname="LAPTOP-5Q57C8NI" name="getMethods.CallSearchProducts" tests="4" failures="0" timestamp="20 Jun 2020 18:02:31 GMT" time="31.697" errors="0">
  <testcase name="dragSlider" time="11.914" classname="getMethods.CallSearchProducts"/>
  <testcase name="performSorting" time="12.884" classname="getMethods.CallSearchProducts"/>
  <testcase name="openPDP" time="0.249" classname="getMethods.CallSearchProducts"/>
  <testcase name="calculateEMICost" time="6.650" classname="getMethods.CallSearchProducts"/>
</testsuite> <!-- getMethods.CallSearchProducts -->
